[2016-01-24 16:27:24,201][WARN ][bootstrap                ] Unable to lock JVM Memory: error=12,reason=Cannot allocate memory
[2016-01-24 16:27:24,202][WARN ][bootstrap                ] This can result in part of the JVM being swapped out.
[2016-01-24 16:27:24,202][WARN ][bootstrap                ] Increase RLIMIT_MEMLOCK, soft limit: 65536, hard limit: 65536
[2016-01-24 16:27:24,202][WARN ][bootstrap                ] These can be adjusted by modifying /etc/security/limits.conf, for example: 
	# allow user 'aegir' mlockall
	aegir soft memlock unlimited
	aegir hard memlock unlimited
[2016-01-24 16:27:24,203][WARN ][bootstrap                ] If you are logged in interactively, you will have to re-login for the new limits to take effect.
[2016-01-24 16:27:24,512][INFO ][node                     ] [Leader] version[2.1.1], pid[27897], build[40e2c53/2015-12-15T13:05:55Z]
[2016-01-24 16:27:24,512][INFO ][node                     ] [Leader] initializing ...
[2016-01-24 16:27:24,592][INFO ][plugins                  ] [Leader] loaded [], sites []
[2016-01-24 16:27:24,624][INFO ][env                      ] [Leader] using [1] data paths, mounts [[/ (/dev/sda5)]], net usable_space [3.7gb], net total_space [45.5gb], spins? [no], types [ext4]
[2016-01-24 16:27:26,258][INFO ][node                     ] [Leader] initialized
[2016-01-24 16:27:26,258][INFO ][node                     ] [Leader] starting ...
[2016-01-24 16:27:26,325][INFO ][transport                ] [Leader] publish_address {127.0.0.1:9300}, bound_addresses {127.0.0.1:9300}
[2016-01-24 16:27:26,332][INFO ][discovery                ] [Leader] hvertfarapeningarnir/HQr-FDyiRteioVFJBTy1_A
[2016-01-24 16:27:29,361][INFO ][cluster.service          ] [Leader] new_master {Leader}{HQr-FDyiRteioVFJBTy1_A}{127.0.0.1}{127.0.0.1:9300}, reason: zen-disco-join(elected_as_master, [0] joins received)
[2016-01-24 16:27:29,369][INFO ][http                     ] [Leader] publish_address {127.0.0.1:9200}, bound_addresses {127.0.0.1:9200}
[2016-01-24 16:27:29,370][INFO ][node                     ] [Leader] started
[2016-01-24 16:27:29,405][INFO ][gateway                  ] [Leader] recovered [0] indices into cluster_state
[2016-01-24 16:27:40,960][INFO ][cluster.metadata         ] [Leader] [hvertfarapeningarnir] creating index, cause [auto(index api)], templates [], shards [5]/[1], mappings [test]
[2016-01-24 16:27:41,315][INFO ][cluster.metadata         ] [Leader] [hvertfarapeningarnir] update_mapping [test]
[2016-01-24 16:27:59,420][WARN ][cluster.routing.allocation.decider] [Leader] high disk watermark [90%] exceeded on [HQr-FDyiRteioVFJBTy1_A][Leader][/home/aegir/Documents/elasticsearch-2.1.1/data/hvertfarapeningarnir/nodes/0] free: 3.7gb[8.2%], shards will be relocated away from this node
[2016-01-24 16:27:59,420][INFO ][cluster.routing.allocation.decider] [Leader] rerouting shards: [high disk watermark exceeded on one or more nodes]
[2016-01-24 16:28:29,431][WARN ][cluster.routing.allocation.decider] [Leader] high disk watermark [90%] exceeded on [HQr-FDyiRteioVFJBTy1_A][Leader][/home/aegir/Documents/elasticsearch-2.1.1/data/hvertfarapeningarnir/nodes/0] free: 3.7gb[8.2%], shards will be relocated away from this node
[2016-01-24 16:28:59,439][WARN ][cluster.routing.allocation.decider] [Leader] high disk watermark [90%] exceeded on [HQr-FDyiRteioVFJBTy1_A][Leader][/home/aegir/Documents/elasticsearch-2.1.1/data/hvertfarapeningarnir/nodes/0] free: 3.7gb[8.2%], shards will be relocated away from this node
[2016-01-24 16:28:59,440][INFO ][cluster.routing.allocation.decider] [Leader] rerouting shards: [high disk watermark exceeded on one or more nodes]
[2016-01-24 16:29:29,447][WARN ][cluster.routing.allocation.decider] [Leader] high disk watermark [90%] exceeded on [HQr-FDyiRteioVFJBTy1_A][Leader][/home/aegir/Documents/elasticsearch-2.1.1/data/hvertfarapeningarnir/nodes/0] free: 3.7gb[8.2%], shards will be relocated away from this node
[2016-01-24 16:29:59,455][WARN ][cluster.routing.allocation.decider] [Leader] high disk watermark [90%] exceeded on [HQr-FDyiRteioVFJBTy1_A][Leader][/home/aegir/Documents/elasticsearch-2.1.1/data/hvertfarapeningarnir/nodes/0] free: 3.7gb[8.2%], shards will be relocated away from this node
[2016-01-24 16:29:59,456][INFO ][cluster.routing.allocation.decider] [Leader] rerouting shards: [high disk watermark exceeded on one or more nodes]
[2016-01-24 16:30:29,464][WARN ][cluster.routing.allocation.decider] [Leader] high disk watermark [90%] exceeded on [HQr-FDyiRteioVFJBTy1_A][Leader][/home/aegir/Documents/elasticsearch-2.1.1/data/hvertfarapeningarnir/nodes/0] free: 3.7gb[8.2%], shards will be relocated away from this node
[2016-01-24 16:30:59,472][WARN ][cluster.routing.allocation.decider] [Leader] high disk watermark [90%] exceeded on [HQr-FDyiRteioVFJBTy1_A][Leader][/home/aegir/Documents/elasticsearch-2.1.1/data/hvertfarapeningarnir/nodes/0] free: 3.7gb[8.2%], shards will be relocated away from this node
[2016-01-24 16:30:59,472][INFO ][cluster.routing.allocation.decider] [Leader] rerouting shards: [high disk watermark exceeded on one or more nodes]
[2016-01-24 16:31:29,480][WARN ][cluster.routing.allocation.decider] [Leader] high disk watermark [90%] exceeded on [HQr-FDyiRteioVFJBTy1_A][Leader][/home/aegir/Documents/elasticsearch-2.1.1/data/hvertfarapeningarnir/nodes/0] free: 3.7gb[8.2%], shards will be relocated away from this node
[2016-01-24 16:31:59,488][WARN ][cluster.routing.allocation.decider] [Leader] high disk watermark [90%] exceeded on [HQr-FDyiRteioVFJBTy1_A][Leader][/home/aegir/Documents/elasticsearch-2.1.1/data/hvertfarapeningarnir/nodes/0] free: 3.7gb[8.2%], shards will be relocated away from this node
[2016-01-24 16:31:59,488][INFO ][cluster.routing.allocation.decider] [Leader] rerouting shards: [high disk watermark exceeded on one or more nodes]
[2016-01-24 16:32:29,496][WARN ][cluster.routing.allocation.decider] [Leader] high disk watermark [90%] exceeded on [HQr-FDyiRteioVFJBTy1_A][Leader][/home/aegir/Documents/elasticsearch-2.1.1/data/hvertfarapeningarnir/nodes/0] free: 3.7gb[8.2%], shards will be relocated away from this node
[2016-01-24 16:32:59,504][WARN ][cluster.routing.allocation.decider] [Leader] high disk watermark [90%] exceeded on [HQr-FDyiRteioVFJBTy1_A][Leader][/home/aegir/Documents/elasticsearch-2.1.1/data/hvertfarapeningarnir/nodes/0] free: 3.7gb[8.2%], shards will be relocated away from this node
[2016-01-24 16:32:59,504][INFO ][cluster.routing.allocation.decider] [Leader] rerouting shards: [high disk watermark exceeded on one or more nodes]
[2016-01-24 16:33:29,512][WARN ][cluster.routing.allocation.decider] [Leader] high disk watermark [90%] exceeded on [HQr-FDyiRteioVFJBTy1_A][Leader][/home/aegir/Documents/elasticsearch-2.1.1/data/hvertfarapeningarnir/nodes/0] free: 3.7gb[8.2%], shards will be relocated away from this node
[2016-01-24 16:33:59,520][WARN ][cluster.routing.allocation.decider] [Leader] high disk watermark [90%] exceeded on [HQr-FDyiRteioVFJBTy1_A][Leader][/home/aegir/Documents/elasticsearch-2.1.1/data/hvertfarapeningarnir/nodes/0] free: 3.7gb[8.2%], shards will be relocated away from this node
[2016-01-24 16:33:59,520][INFO ][cluster.routing.allocation.decider] [Leader] rerouting shards: [high disk watermark exceeded on one or more nodes]
[2016-01-24 16:34:29,528][WARN ][cluster.routing.allocation.decider] [Leader] high disk watermark [90%] exceeded on [HQr-FDyiRteioVFJBTy1_A][Leader][/home/aegir/Documents/elasticsearch-2.1.1/data/hvertfarapeningarnir/nodes/0] free: 3.7gb[8.2%], shards will be relocated away from this node
[2016-01-24 16:34:59,537][WARN ][cluster.routing.allocation.decider] [Leader] high disk watermark [90%] exceeded on [HQr-FDyiRteioVFJBTy1_A][Leader][/home/aegir/Documents/elasticsearch-2.1.1/data/hvertfarapeningarnir/nodes/0] free: 3.7gb[8.2%], shards will be relocated away from this node
[2016-01-24 16:34:59,537][INFO ][cluster.routing.allocation.decider] [Leader] rerouting shards: [high disk watermark exceeded on one or more nodes]
[2016-01-24 16:35:29,546][WARN ][cluster.routing.allocation.decider] [Leader] high disk watermark [90%] exceeded on [HQr-FDyiRteioVFJBTy1_A][Leader][/home/aegir/Documents/elasticsearch-2.1.1/data/hvertfarapeningarnir/nodes/0] free: 3.7gb[8.2%], shards will be relocated away from this node
[2016-01-24 16:35:59,553][WARN ][cluster.routing.allocation.decider] [Leader] high disk watermark [90%] exceeded on [HQr-FDyiRteioVFJBTy1_A][Leader][/home/aegir/Documents/elasticsearch-2.1.1/data/hvertfarapeningarnir/nodes/0] free: 3.7gb[8.2%], shards will be relocated away from this node
[2016-01-24 16:35:59,553][INFO ][cluster.routing.allocation.decider] [Leader] rerouting shards: [high disk watermark exceeded on one or more nodes]
[2016-01-24 16:36:29,563][WARN ][cluster.routing.allocation.decider] [Leader] high disk watermark [90%] exceeded on [HQr-FDyiRteioVFJBTy1_A][Leader][/home/aegir/Documents/elasticsearch-2.1.1/data/hvertfarapeningarnir/nodes/0] free: 3.7gb[8.2%], shards will be relocated away from this node
[2016-01-24 16:36:59,573][WARN ][cluster.routing.allocation.decider] [Leader] high disk watermark [90%] exceeded on [HQr-FDyiRteioVFJBTy1_A][Leader][/home/aegir/Documents/elasticsearch-2.1.1/data/hvertfarapeningarnir/nodes/0] free: 3.7gb[8.2%], shards will be relocated away from this node
[2016-01-24 16:36:59,573][INFO ][cluster.routing.allocation.decider] [Leader] rerouting shards: [high disk watermark exceeded on one or more nodes]
[2016-01-24 16:37:29,582][WARN ][cluster.routing.allocation.decider] [Leader] high disk watermark [90%] exceeded on [HQr-FDyiRteioVFJBTy1_A][Leader][/home/aegir/Documents/elasticsearch-2.1.1/data/hvertfarapeningarnir/nodes/0] free: 3.7gb[8.2%], shards will be relocated away from this node
[2016-01-24 16:37:59,592][WARN ][cluster.routing.allocation.decider] [Leader] high disk watermark [90%] exceeded on [HQr-FDyiRteioVFJBTy1_A][Leader][/home/aegir/Documents/elasticsearch-2.1.1/data/hvertfarapeningarnir/nodes/0] free: 3.7gb[8.2%], shards will be relocated away from this node
[2016-01-24 16:37:59,592][INFO ][cluster.routing.allocation.decider] [Leader] rerouting shards: [high disk watermark exceeded on one or more nodes]
[2016-01-24 16:38:29,602][WARN ][cluster.routing.allocation.decider] [Leader] high disk watermark [90%] exceeded on [HQr-FDyiRteioVFJBTy1_A][Leader][/home/aegir/Documents/elasticsearch-2.1.1/data/hvertfarapeningarnir/nodes/0] free: 3.7gb[8.2%], shards will be relocated away from this node
[2016-01-24 16:38:59,611][WARN ][cluster.routing.allocation.decider] [Leader] high disk watermark [90%] exceeded on [HQr-FDyiRteioVFJBTy1_A][Leader][/home/aegir/Documents/elasticsearch-2.1.1/data/hvertfarapeningarnir/nodes/0] free: 3.7gb[8.2%], shards will be relocated away from this node
[2016-01-24 16:38:59,612][INFO ][cluster.routing.allocation.decider] [Leader] rerouting shards: [high disk watermark exceeded on one or more nodes]
[2016-01-24 16:39:29,621][WARN ][cluster.routing.allocation.decider] [Leader] high disk watermark [90%] exceeded on [HQr-FDyiRteioVFJBTy1_A][Leader][/home/aegir/Documents/elasticsearch-2.1.1/data/hvertfarapeningarnir/nodes/0] free: 3.7gb[8.2%], shards will be relocated away from this node
[2016-01-24 16:39:59,631][WARN ][cluster.routing.allocation.decider] [Leader] high disk watermark [90%] exceeded on [HQr-FDyiRteioVFJBTy1_A][Leader][/home/aegir/Documents/elasticsearch-2.1.1/data/hvertfarapeningarnir/nodes/0] free: 3.7gb[8.2%], shards will be relocated away from this node
[2016-01-24 16:39:59,631][INFO ][cluster.routing.allocation.decider] [Leader] rerouting shards: [high disk watermark exceeded on one or more nodes]
[2016-01-24 16:40:29,642][WARN ][cluster.routing.allocation.decider] [Leader] high disk watermark [90%] exceeded on [HQr-FDyiRteioVFJBTy1_A][Leader][/home/aegir/Documents/elasticsearch-2.1.1/data/hvertfarapeningarnir/nodes/0] free: 3.7gb[8.2%], shards will be relocated away from this node
[2016-01-24 16:40:59,652][WARN ][cluster.routing.allocation.decider] [Leader] high disk watermark [90%] exceeded on [HQr-FDyiRteioVFJBTy1_A][Leader][/home/aegir/Documents/elasticsearch-2.1.1/data/hvertfarapeningarnir/nodes/0] free: 3.7gb[8.2%], shards will be relocated away from this node
[2016-01-24 16:40:59,653][INFO ][cluster.routing.allocation.decider] [Leader] rerouting shards: [high disk watermark exceeded on one or more nodes]
[2016-01-24 16:41:29,664][WARN ][cluster.routing.allocation.decider] [Leader] high disk watermark [90%] exceeded on [HQr-FDyiRteioVFJBTy1_A][Leader][/home/aegir/Documents/elasticsearch-2.1.1/data/hvertfarapeningarnir/nodes/0] free: 3.7gb[8.2%], shards will be relocated away from this node
[2016-01-24 16:41:48,200][INFO ][node                     ] [Leader] stopping ...
[2016-01-24 16:41:48,289][INFO ][node                     ] [Leader] stopped
[2016-01-24 16:41:48,290][INFO ][node                     ] [Leader] closing ...
[2016-01-24 16:41:48,299][INFO ][node                     ] [Leader] closed
